size    stride    elapsed(s)    cycles
[LOG]: running with array of size 4 KiB
4096    1    0.002791    2796
4096    2    0.001042    1041
4096    4    0.000981    981
4096    8    0.000948    948
4096    16    0.000982    981
4096    32    0.001047    1047
4096    64    0.000995    995
4096    128    0.000998    998
4096    256    0.000944    944
4096    512    0.000915    915
4096    1024    0.000895    895
4096    2048    0.000884    885
[LOG]: running with array of size 8 KiB
8192    1    0.002064    2076
8192    2    0.002096    2095
8192    4    0.002118    2118
8192    8    0.002064    2063
8192    16    0.002092    2091
8192    32    0.002039    2039
8192    64    0.001926    1926
8192    128    0.001909    1909
8192    256    0.001923    1923
8192    512    0.001768    1769
8192    1024    0.001903    1902
8192    2048    0.001865    1864
8192    4096    0.001898    1898
[LOG]: running with array of size 16 KiB
16384    1    0.004049    4049
16384    2    0.003989    3990
16384    4    0.004063    4063
16384    8    0.003918    3918
16384    16    0.003950    3949
16384    32    0.003937    3937
16384    64    0.003959    3959
16384    128    0.004255    4253
16384    256    0.003884    3884
16384    512    0.003732    3732
16384    1024    0.003536    3536
16384    2048    0.003860    3859
16384    4096    0.003921    3921
16384    8192    0.003768    3768
[LOG]: running with array of size 32 KiB
32768    1    0.008001    7999
32768    2    0.007949    7949
32768    4    0.008030    8030
32768    8    0.008003    8003
32768    16    0.007836    7836
32768    32    0.007959    7958
32768    64    0.007894    7893
32768    128    0.008002    8001
32768    256    0.007828    7828
32768    512    0.007952    7952
32768    1024    0.007591    7590
32768    2048    0.007604    7603
32768    4096    0.007835    7836
32768    8192    0.008006    8005
32768    16384    0.007591    7591
[LOG]: running with array of size 64 KiB
65536    1    0.014407    14407
65536    2    0.013780    13780
65536    4    0.015401    15401
65536    8    0.016027    16027
65536    16    0.016337    16337
65536    32    0.015765    15765
65536    64    0.014621    14620
65536    128    0.013675    13674
65536    256    0.013653    13653
65536    512    0.014053    14053
65536    1024    0.014540    14540
65536    2048    0.036918    36917
65536    4096    0.036073    36073
65536    8192    0.015900    15900
65536    16384    0.015511    15511
65536    32768    0.014852    14852
[LOG]: running with array of size 128 KiB
131072    1    0.028434    28434
131072    2    0.026969    26969
131072    4    0.030423    30424
131072    8    0.031494    31494
131072    16    0.031514    31514
131072    32    0.030810    30809
131072    64    0.029776    29776
131072    128    0.028896    28896
131072    256    0.031473    31473
131072    512    0.030634    30634
131072    1024    0.032675    32675
131072    2048    0.066166    66166
131072    4096    0.113824    113824
131072    8192    0.109040    109039
131072    16384    0.033381    33380
131072    32768    0.032787    32787
131072    65536    0.030914    30913
[LOG]: running with array of size 256 KiB
262144    1    0.062433    62433
262144    2    0.061636    61636
262144    4    0.068826    68825
262144    8    0.067263    67264
262144    16    0.071607    71608
262144    32    0.070043    70043
262144    64    0.070884    70883
262144    128    0.071351    71350
262144    256    0.073719    73719
262144    512    0.069876    69876
262144    1024    0.075523    75523
262144    2048    0.130103    130103
262144    4096    0.254968    254968
262144    8192    0.262079    262079
262144    16384    0.150554    150554
262144    32768    0.066102    66100
262144    65536    0.065979    65978
262144    131072    0.061685    61680
[LOG]: running with array of size 512 KiB
524288    1    0.116964    116965
524288    2    0.107930    107930
524288    4    0.121410    121409
524288    8    0.129734    129734
524288    16    0.123672    123673
524288    32    0.114536    114535
524288    64    0.121888    121888
524288    128    0.159465    159464
524288    256    0.181318    181317
524288    512    0.190835    190835
524288    1024    0.220240    220235
524288    2048    0.196479    196479
524288    4096    0.512417    512417
524288    8192    0.569303    569303
524288    16384    0.577034    577031
524288    32768    0.424383    424382
524288    65536    0.139295    139293
524288    131072    0.127476    127476
524288    262144    0.122650    122650
[LOG]: running with array of size 1024 KiB
1048576    1    0.232899    232900
1048576    2    0.225678    225678
1048576    4    0.284393    284392
1048576    8    0.289715    289715
1048576    16    0.273858    273859
1048576    32    0.237070    237070
1048576    64    0.242465    242464
1048576    128    0.297730    297730
1048576    256    0.375880    375879
1048576    512    0.438914    438914
1048576    1024    0.440169    440167
1048576    2048    0.391367    391367
1048576    4096    1.014685    1014684
1048576    8192    1.024259    1024259
1048576    16384    1.009029    1009029
1048576    32768    1.017588    1017587
1048576    65536    0.660088    660088
1048576    131072    0.262053    262052
1048576    262144    0.249303    249302
1048576    524288    0.237510    237509
[LOG]: running with array of size 2048 KiB
2097152    1    0.466746    466746
2097152    2    0.452124    452125
2097152    4    0.504760    504756
2097152    8    0.530949    530950
2097152    16    0.493705    493706
2097152    32    0.462357    462356
2097152    64    0.473137    473137
2097152    128    0.572554    572553
2097152    256    0.710256    710255
2097152    512    0.739058    739057
2097152    1024    0.756394    756393
2097152    2048    0.687767    687767
2097152    4096    1.977007    1977006
2097152    8192    1.980604    1980603
2097152    16384    2.011783    2011783
2097152    32768    1.953518    1953518
2097152    65536    1.833807    1833807
2097152    131072    1.250402    1250401
2097152    262144    0.524943    524943
2097152    524288    0.484447    484447
2097152    1048576    0.463385    463385
[LOG]: running with array of size 4096 KiB
4194304    1    0.888580    888581
4194304    2    0.849192    849193
4194304    4    0.962461    962461
4194304    8    0.972949    972949
4194304    16    0.981725    981725
4194304    32    0.944583    944583
4194304    64    1.029795    1029794
4194304    128    1.355018    1355018
4194304    256    1.684089    1684088
4194304    512    1.765575    1765575
4194304    1024    1.902795    1902795
4194304    2048    2.287801    2287801
4194304    4096    4.040813    4040812
4194304    8192    3.963269    3963269
4194304    16384    4.007349    4007349
4194304    32768    3.998463    3998462
4194304    65536    4.016638    4016638
4194304    131072    3.932819    3932818
4194304    262144    2.508548    2508548
4194304    524288    1.044750    1044750
4194304    1048576    0.967062    967062
4194304    2097152    0.925645    925645
